<?xml version="1.0" encoding="UTF-8"?>
<!-- Generated by org.testng.reporters.JUnitReportReporter -->
<testsuite hostname="Macbook-Pro" failures="0" tests="1" name="com.qa.take_home_webdriver_test.tests.YourStorePageTest" time="12.589" errors="0" timestamp="2023-01-12T13:47:13 EST" skipped="0">
  <testcase classname="com.qa.take_home_webdriver_test.tests.YourStorePageTest" name="getCurrencyTest" time="12.589"/>
  <system-out/>
</testsuite> <!-- com.qa.take_home_webdriver_test.tests.YourStorePageTest -->
