<?xml version="1.0" encoding="UTF-8"?>
<!-- Generated by org.testng.reporters.JUnitReportReporter -->
<testsuite hostname="Macbook-Pro" failures="0" tests="3" name="com.qa.take_home_webdriver_test.tests.TakeHomeWebDriverTest" time="13.701" errors="0" timestamp="2023-01-13T12:52:28 EST" skipped="1">
  <testcase classname="com.qa.take_home_webdriver_test.tests.TakeHomeWebDriverTest" name="loginSuccessTest" time="9.618"/>
  <system-out/>
  <testcase classname="com.qa.take_home_webdriver_test.tests.TakeHomeWebDriverTest" name="loginFailureTest" time="4.083"/>
  <system-out/>
  <testcase classname="com.qa.take_home_webdriver_test.tests.TakeHomeWebDriverTest" name="doLoginValidEmailWrongPswCredentialsTest">
    <skipped/>
  </testcase> <!-- doLoginValidEmailWrongPswCredentialsTest -->
  <system-out/>
</testsuite> <!-- com.qa.take_home_webdriver_test.tests.TakeHomeWebDriverTest -->
