<?xml version="1.0" encoding="UTF-8"?>
<!-- Generated by org.testng.reporters.JUnitReportReporter -->
<testsuite hostname="Macbook-Pro" failures="0" tests="19" name="com.qa.take_home_webdriver_test.tests.TakeHomeWebDriverTest" time="104.462" errors="0" timestamp="2023-01-17T18:22:13 EST" skipped="1">
  <testcase classname="com.qa.take_home_webdriver_test.tests.TakeHomeWebDriverTest" name="loginSuccessTest" time="4.381"/>
  <system-out/>
  <testcase classname="com.qa.take_home_webdriver_test.tests.TakeHomeWebDriverTest" name="loginFailureTest" time="4.422"/>
  <system-out/>
  <testcase classname="com.qa.take_home_webdriver_test.tests.TakeHomeWebDriverTest" name="checkBoxTest" time="3.925"/>
  <system-out/>
  <testcase classname="com.qa.take_home_webdriver_test.tests.TakeHomeWebDriverTest" name="contextMenuTest" time="3.337"/>
  <system-out/>
  <testcase classname="com.qa.take_home_webdriver_test.tests.TakeHomeWebDriverTest" name="dragAndDropTest" time="4.048"/>
  <system-out/>
  <testcase classname="com.qa.take_home_webdriver_test.tests.TakeHomeWebDriverTest" name="dropDownTest" time="3.271"/>
  <system-out/>
  <testcase classname="com.qa.take_home_webdriver_test.tests.TakeHomeWebDriverTest" name="dynamicContentTest" time="3.654"/>
  <system-out/>
  <testcase classname="com.qa.take_home_webdriver_test.tests.TakeHomeWebDriverTest" name="dynamicContentTest" time="3.634">
    <skipped/>
  </testcase> <!-- dynamicContentTest -->
  <system-out/>
  <testcase classname="com.qa.take_home_webdriver_test.tests.TakeHomeWebDriverTest" name="dynamicControlsTest" time="16.962"/>
  <system-out/>
  <testcase classname="com.qa.take_home_webdriver_test.tests.TakeHomeWebDriverTest" name="dynamicLoadingTest" time="8.604"/>
  <system-out/>
  <testcase classname="com.qa.take_home_webdriver_test.tests.TakeHomeWebDriverTest" name="fileDownloadTest" time="5.374"/>
  <system-out/>
  <testcase classname="com.qa.take_home_webdriver_test.tests.TakeHomeWebDriverTest" name="fileUploadTest" time="3.847"/>
  <system-out/>
  <testcase classname="com.qa.take_home_webdriver_test.tests.TakeHomeWebDriverTest" name="floatingMenuTest" time="3.589"/>
  <system-out/>
  <testcase classname="com.qa.take_home_webdriver_test.tests.TakeHomeWebDriverTest" name="iframeTest" time="10.310"/>
  <system-out/>
  <testcase classname="com.qa.take_home_webdriver_test.tests.TakeHomeWebDriverTest" name="mouseHoverTest" time="3.933"/>
  <system-out/>
  <testcase classname="com.qa.take_home_webdriver_test.tests.TakeHomeWebDriverTest" name="javaScriptAlertsTest" time="9.175"/>
  <system-out/>
  <testcase classname="com.qa.take_home_webdriver_test.tests.TakeHomeWebDriverTest" name="javaScriptErrorTest" time="3.476"/>
  <system-out/>
  <testcase classname="com.qa.take_home_webdriver_test.tests.TakeHomeWebDriverTest" name="openNewTabTest" time="3.506"/>
  <system-out/>
  <testcase classname="com.qa.take_home_webdriver_test.tests.TakeHomeWebDriverTest" name="notificationMessageTest" time="5.014"/>
  <system-out/>
</testsuite> <!-- com.qa.take_home_webdriver_test.tests.TakeHomeWebDriverTest -->
